<ns1:fixedMultichoice xmlns:ns1="URN:test-mg-choice"><A/><A/></ns1:fixedMultichoice>
