<globalStruct xmlns="urn:namespaceTest">
  <local>local</local>
  <globalElt>global</globalElt>
</globalStruct>
