<ns1:fixedMultichoice xmlns:ns1="URN:test-mg-choice"><A/><B/></ns1:fixedMultichoice>
