<?xml version="1.0" encoding="UTF-8"?>
<time xsi:schemaLocation="urn:test ../schemas/test-empty-cstd.xsd" xmlns:xsi="http://www.w3.org/2001/XMLSchema-instance" xmlns="urn:test"/>
