<?xml version="1.0" encoding="UTF-8"?>

<!-- New document created with EditiX at Wed Apr 15 17:51:36 MST 2009 -->

<altmultiplechoice xsi:schemaLocation="URN:test-mg-choice /home/pab/pywxsb/dev/schemas/test-mg-choice.xsd" xmlns="URN:test-mg-choice" xmlns:xsi="http://www.w3.org/2001/XMLSchema-instance">
	<first/>
	<first/>
	<first/>
</altmultiplechoice>
